Updating and loading repositories:
Repositories loaded.
Total size of inbound packages is 63 MiB. Need to download 63 MiB.
After this operation, 47 KiB extra will be used (install 516 MiB, remove 516 MiB).
[ 1/25] kitty-shell-integration-0:0.46. 100% | 598.8 KiB/s |  43.1 KiB |  00m00s
[ 2/25] kitty-terminfo-0:0.46.0.future. 100% | 108.5 KiB/s |  20.5 KiB |  00m00s
[ 3/25] libwacom-0:2.18.0-1.fc43.x86_64 100% | 172.2 KiB/s |  51.5 KiB |  00m00s
[ 4/25] kitty-0:0.46.0.future.162.19f24 100% |   8.7 MiB/s |   4.5 MiB |  00m01s
[ 5/25] edk2-shell-x64-0:20251119-5.fc4 100% | 522.7 KiB/s | 320.4 KiB |  00m01s
>>> Status code: 404 for http://fedora.mirrorservice.org/fedora/linux/updates/43
[ 6/25] open-vm-tools-desktop-0:13.0.10 100% | 599.2 KiB/s | 158.8 KiB |  00m00s
[ 7/25] edk2-shell-aa64-0:20251119-5.fc 100% | 328.4 KiB/s | 302.8 KiB |  00m01s
>>> Status code: 404 for http://fedora.mirrorservice.org/fedora/linux/updates/43
[ 8/25] distribution-gpg-keys-0:1.117-1 100% | 821.5 KiB/s | 767.3 KiB |  00m01s
>>> Status code: 404 for https://fedora.mirrorservice.org/fedora/linux/updates/4
>>> Status code: 404 for http://fedora.mirrorservice.org/fedora/linux/updates/43
[ 9/25] pulseaudio-utils-0:17.0-9.fc43. 100% | 509.8 KiB/s |  89.2 KiB |  00m00s
[10/25] kitty-kitten-0:0.46.0.future.16 100% |   6.5 MiB/s |   7.3 MiB |  00m01s
[11/25] pulseaudio-libs-0:17.0-9.fc43.x 100% |   1.3 MiB/s | 694.2 KiB |  00m01s
[12/25] python3-boto3-0:1.42.40-1.fc43. 100% |   2.1 MiB/s | 471.5 KiB |  00m00s
[13/25] open-vm-tools-0:13.0.10-2.fc43. 100% | 930.9 KiB/s | 843.4 KiB |  00m01s
>>> Status code: 404 for https://fedora.mirrorservice.org/fedora/linux/updates/4
[14/25] qatlib-service-0:25.08.0-4.fc43 100% | 554.6 KiB/s |  38.8 KiB |  00m00s
[15/25] selinux-policy-0:42.23-1.fc43.n 100% | 691.3 KiB/s |  68.4 KiB |  00m00s
[16/25] libwacom-data-0:2.18.0-1.fc43.n 100% | 325.7 KiB/s | 342.0 KiB |  00m01s
>>> Status code: 404 for https://fedora.mirrorservice.org/fedora/linux/updates/4
[17/25] pulseaudio-libs-glib2-0:17.0-9. 100% |  41.0 KiB/s |  16.3 KiB |  00m00s
[18/25] vim-data-2:9.1.2128-2.fc43.noar 100% | 154.6 KiB/s |  17.6 KiB |  00m00s
[19/25] vim-minimal-2:9.1.2128-2.fc43.x 100% |   2.4 MiB/s | 851.5 KiB |  00m00s
[20/25] qatlib-0:25.08.0-4.fc43.x86_64  100% | 368.1 KiB/s | 243.7 KiB |  00m01s
[21/25] edk2-riscv64-0:20251119-5.fc43. 100% |   1.2 MiB/s |   2.4 MiB |  00m02s
>>> Status code: 404 for http://fedora.mirrorservice.org/fedora/linux/updates/43
[22/25] edk2-aarch64-0:20251119-5.fc43. 100% |   3.7 MiB/s |  10.5 MiB |  00m03s
>>> Status code: 404 for https://fedora.mirrorservice.org/fedora/linux/updates/4
>>> Status code: 404 for http://fedora.mirrorservice.org/fedora/linux/updates/43
[23/25] edk2-ovmf-0:20251119-5.fc43.noa 100% |   6.1 MiB/s |  17.8 MiB |  00m03s
>>> Status code: 404 for https://fedora.mirrorservice.org/fedora/linux/updates/4
>>> Status code: 404 for http://fedora.mirrorservice.org/fedora/linux/updates/43
[24/25] selinux-policy-targeted-0:42.23 100% |   3.0 MiB/s |   6.8 MiB |  00m02s
[25/25] python3-botocore-0:1.42.40-1.fc 100% |   2.7 MiB/s |   8.4 MiB |  00m03s
--------------------------------------------------------------------------------
[25/25] Total                           100% |  14.7 MiB/s |  63.0 MiB |  00m04s
Testing offline transaction
Transaction stored to be performed offline. Run `dnf5 offline reboot` to reboot and run the transaction. To cancel the transaction and delete the downloaded files, use `dnf5 offline clean`.
Complete!
