Début de mise à jour hors-ligne : 07 février 2026 à 19h52min49sec
Fin de mise à jour hors-ligne : 07 février 2026 à 19h53min17sec
==> LA MISE À JOUR HORS-LIGNE A ÉTÉ ÉXÉCUTÉE CORRECTEMENT <==

--------------------------------
2026-02-07T18:52:49+0000 [2555] INFO --- DNF5 lancé avec les arguments : "/usr/bin/dnf5 offline _execute" ---
2026-02-07T18:52:52+0000 [2555] INFO RPM callback install stop "pulseaudio-libs-0:17.0-9.fc43.x86_64" amount 3543192 total 3543192
2026-02-07T18:52:52+0000 [2555] INFO RPM callback install stop "selinux-policy-0:42.23-1.fc43.noarch" amount 34428 total 34428
2026-02-07T18:53:00+0000 [2555] INFO RPM callback install stop "selinux-policy-targeted-0:42.23-1.fc43.noarch" amount 15525880 total 15525880
2026-02-07T18:53:00+0000 [2555] INFO RPM callback install stop "vim-data-2:9.1.2128-2.fc43.noarch" amount 11556 total 11556
2026-02-07T18:53:00+0000 [2555] INFO RPM callback install stop "qatlib-0:25.08.0-4.fc43.x86_64" amount 677460 total 677460
2026-02-07T18:53:01+0000 [2555] INFO RPM callback install stop "python3-botocore-0:1.42.40-1.fc43.noarch" amount 114879736 total 114879736
2026-02-07T18:53:01+0000 [2555] INFO RPM callback install stop "open-vm-tools-0:13.0.10-2.fc43.x86_64" amount 3130972 total 3130972
2026-02-07T18:53:02+0000 [2555] INFO RPM callback install stop "libwacom-data-0:2.18.0-1.fc43.noarch" amount 1624156 total 1624156
2026-02-07T18:53:02+0000 [2555] INFO RPM callback install stop "kitty-terminfo-0:0.46.0.future.162.19f24f2-1.fc43.noarch" amount 39452 total 39452
2026-02-07T18:53:02+0000 [2555] INFO RPM callback install stop "kitty-shell-integration-0:0.46.0.future.162.19f24f2-1.fc43.noarch" amount 126568 total 126568
2026-02-07T18:53:02+0000 [2555] INFO RPM callback install stop "kitty-kitten-0:0.46.0.future.162.19f24f2-1.fc43.x86_64" amount 24935696 total 24935696
2026-02-07T18:53:02+0000 [2555] INFO RPM callback install stop "kitty-0:0.46.0.future.162.19f24f2-1.fc43.x86_64" amount 14686116 total 14686116
2026-02-07T18:53:03+0000 [2555] INFO RPM callback install stop "libwacom-0:2.18.0-1.fc43.x86_64" amount 118896 total 118896
2026-02-07T18:53:03+0000 [2555] INFO RPM callback install stop "open-vm-tools-desktop-0:13.0.10-2.fc43.x86_64" amount 460524 total 460524
2026-02-07T18:53:03+0000 [2555] INFO RPM callback install stop "python3-boto3-0:1.42.40-1.fc43.noarch" amount 2529696 total 2529696
2026-02-07T18:53:03+0000 [2555] INFO RPM callback install stop "qatlib-service-0:25.08.0-4.fc43.x86_64" amount 71752 total 71752
2026-02-07T18:53:03+0000 [2555] INFO RPM callback install stop "vim-minimal-2:9.1.2128-2.fc43.x86_64" amount 1810628 total 1810628
2026-02-07T18:53:03+0000 [2555] INFO RPM callback install stop "pulseaudio-utils-0:17.0-9.fc43.x86_64" amount 271596 total 271596
2026-02-07T18:53:03+0000 [2555] INFO RPM callback install stop "pulseaudio-libs-glib2-0:17.0-9.fc43.x86_64" amount 21048 total 21048
2026-02-07T18:53:03+0000 [2555] INFO RPM callback install stop "edk2-shell-x64-0:20251119-5.fc43.noarch" amount 1180940 total 1180940
2026-02-07T18:53:03+0000 [2555] INFO RPM callback install stop "edk2-shell-aa64-0:20251119-5.fc43.noarch" amount 1126672 total 1126672
2026-02-07T18:53:03+0000 [2555] INFO RPM callback install stop "edk2-riscv64-0:20251119-5.fc43.noarch" amount 18455972 total 18455972
2026-02-07T18:53:03+0000 [2555] INFO RPM callback install stop "edk2-ovmf-0:20251119-5.fc43.noarch" amount 47433412 total 47433412
2026-02-07T18:53:04+0000 [2555] INFO RPM callback install stop "edk2-aarch64-0:20251119-5.fc43.noarch" amount 284816052 total 284816052
2026-02-07T18:53:04+0000 [2555] INFO RPM callback install stop "distribution-gpg-keys-0:1.117-1.fc43.noarch" amount 1116700 total 1116700
2026-02-07T18:53:04+0000 [2555] INFO RPM callback uninstall stop "selinux-policy-0:42.22-1.fc43.noarch" amount 12 total 12
2026-02-07T18:53:04+0000 [2555] INFO RPM callback uninstall stop "python3-boto3-0:1.42.39-1.fc43.noarch" amount 185 total 185
2026-02-07T18:53:04+0000 [2555] INFO RPM callback uninstall stop "python3-botocore-0:1.42.39-1.fc43.noarch" amount 2968 total 2968
2026-02-07T18:53:05+0000 [2555] INFO RPM callback uninstall stop "selinux-policy-targeted-0:42.22-1.fc43.noarch" amount 1770 total 1770
2026-02-07T18:53:05+0000 [2555] INFO RPM callback uninstall stop "edk2-shell-x64-0:20251119-3.fc43.noarch" amount 1 total 1
2026-02-07T18:53:05+0000 [2555] INFO RPM callback uninstall stop "edk2-shell-aa64-0:20251119-3.fc43.noarch" amount 1 total 1
2026-02-07T18:53:05+0000 [2555] INFO RPM callback uninstall stop "edk2-riscv64-0:20251119-3.fc43.noarch" amount 14 total 14
2026-02-07T18:53:05+0000 [2555] INFO RPM callback uninstall stop "edk2-ovmf-0:20251119-3.fc43.noarch" amount 51 total 51
2026-02-07T18:53:05+0000 [2555] INFO RPM callback uninstall stop "edk2-aarch64-0:20251119-3.fc43.noarch" amount 31 total 31
2026-02-07T18:53:05+0000 [2555] INFO RPM callback uninstall stop "distribution-gpg-keys-0:1.116-1.fc43.noarch" amount 513 total 513
2026-02-07T18:53:05+0000 [2555] INFO RPM callback uninstall stop "pulseaudio-utils-0:17.0-7.fc43.x86_64" amount 38 total 38
2026-02-07T18:53:05+0000 [2555] INFO RPM callback uninstall stop "open-vm-tools-desktop-0:13.0.0-1.fc43.x86_64" amount 23 total 23
2026-02-07T18:53:05+0000 [2555] INFO RPM callback uninstall stop "kitty-0:0.46.0.future.151.856e568-1.fc43.x86_64" amount 896 total 896
2026-02-07T18:53:05+0000 [2555] INFO RPM callback uninstall stop "pulseaudio-libs-glib2-0:17.0-7.fc43.x86_64" amount 5 total 5
2026-02-07T18:53:05+0000 [2555] INFO RPM callback uninstall stop "libwacom-0:2.17.0-1.fc43.x86_64" amount 14 total 14
2026-02-07T18:53:05+0000 [2555] INFO RPM callback uninstall stop "vim-minimal-2:9.1.2114-1.fc43.x86_64" amount 16 total 16
2026-02-07T18:53:05+0000 [2555] INFO RPM callback uninstall stop "qatlib-service-0:25.08.0-2.fc43.x86_64" amount 8 total 8
2026-02-07T18:53:06+0000 [2555] INFO RPM callback uninstall stop "vim-data-2:9.1.2114-1.fc43.noarch" amount 7 total 7
2026-02-07T18:53:06+0000 [2555] INFO RPM callback uninstall stop "libwacom-data-0:2.17.0-1.fc43.noarch" amount 823 total 823
2026-02-07T18:53:06+0000 [2555] INFO RPM callback uninstall stop "kitty-shell-integration-0:0.46.0.future.151.856e568-1.fc43.noarch" amount 24 total 24
2026-02-07T18:53:06+0000 [2555] INFO RPM callback uninstall stop "kitty-terminfo-0:0.46.0.future.151.856e568-1.fc43.noarch" amount 3 total 3
2026-02-07T18:53:06+0000 [2555] INFO RPM callback uninstall stop "qatlib-0:25.08.0-2.fc43.x86_64" amount 15 total 15
2026-02-07T18:53:06+0000 [2555] INFO RPM callback uninstall stop "pulseaudio-libs-0:17.0-7.fc43.x86_64" amount 75 total 75
2026-02-07T18:53:06+0000 [2555] INFO RPM callback uninstall stop "kitty-kitten-0:0.46.0.future.151.856e568-1.fc43.x86_64" amount 129 total 129
2026-02-07T18:53:06+0000 [2555] INFO RPM callback uninstall stop "open-vm-tools-0:13.0.0-1.fc43.x86_64" amount 157 total 157
2026-02-07T18:53:17+0000 [2555] INFO Transaction complete! Cleaning up and rebooting...
2026-02-07T18:53:17+0000 [2555] INFO Cleaning up downloaded data...
2026-02-07T18:53:17+0000 [2555] INFO DNF5 a terminé
--------------------------------

Erreurs éventuelles :
Aucune erreur trouvée

